2024.06.24 19:02:03 INFO  Started: Metals version 1.3.2 in folders 'C:\Users\Jayathu\Documents\FP' for client Visual Studio Code 1.90.2.
SLF4J(W): Class path contains multiple SLF4J providers.
SLF4J(W): Found provider [scribe.slf4j.ScribeServiceProvider@512aa60c]
SLF4J(W): Found provider [ch.qos.logback.classic.spi.LogbackServiceProvider@bc77e48]
SLF4J(W): See https://www.slf4j.org/codes.html#multiple_bindings for an explanation.
SLF4J(I): Actual provider is of type [scribe.slf4j.ScribeServiceProvider@512aa60c]
2024.06.24 19:02:03 WARN  Flyway upgrade recommended: H2 2.2.224 is newer than this version of Flyway and support has not been tested. The latest supported version of H2 is 2.2.220.
2024.06.24 19:02:05 INFO  no build target found for C:\Users\Jayathu\Documents\FP\Labsheet2\Q1.scala. Using presentation compiler with project's scala-library version: 3.3.3
2024.06.24 19:02:05 INFO  no build target found for C:\Users\Jayathu\Documents\FP\Labsheet2\Q2.scala. Using presentation compiler with project's scala-library version: 3.3.3
2024.06.24 19:02:07 INFO  Running List(C:\Users\Jayathu\AppData\Local\Coursier\data\bin\scala-cli.BAT, setup-ide, C:\Users\Jayathu\Documents\FP)
2024.06.24 19:02:07 INFO  Attempting to connect to the build server...
2024.06.24 19:02:07 INFO  Running BSP server List(C:\Users\Jayathu\AppData\Local\Coursier\data\bin\.scala-cli.aux.exe, bsp, --json-options, C:\Users\Jayathu\Documents\FP\.scala-build\ide-options-v2.json, --json-launcher-options, C:\Users\Jayathu\Documents\FP\.scala-build\ide-launcher-options.json, --envs-file, C:\Users\Jayathu\Documents\FP\.scala-build\ide-envs.json, C:\Users\Jayathu\Documents\FP)
2024.06.24 19:02:08 INFO  tracing is disabled for protocol BSP, to enable tracing of incoming and outgoing JSON messages create an empty file at C:\Users\Jayathu\Documents\FP\.metals\bsp.trace.json or C:\Users\Jayathu\AppData\Local\scalameta\metals\cache\bsp.trace.json
2024.06.24 19:02:08 WARN  Could not find semantic tokens for: file:///C:/Users/Jayathu/Documents/FP/Labsheet2/Q1.scala
2024.06.24 19:02:08 WARN  Could not find semantic tokens for: file:///C:/Users/Jayathu/Documents/FP/Labsheet2/Q2.scala
2024.06.24 19:02:11 INFO  time: Connected to build server in 3.63s
2024.06.24 19:02:11 INFO  Connected to Build server: scala-cli v1.3.2
2024.06.24 19:02:12 INFO  compiling fp_f4dd477a3a (3 scala sources)
2024.06.24 19:02:13 INFO  no build target found for C:\Users\Jayathu\Documents\FP\Labsheet2\Q3.scala. Using presentation compiler with project's scala-library version: 3.3.3
2024.06.24 19:02:13 WARN  Could not find semantic tokens for: file:///C:/Users/Jayathu/Documents/FP/Labsheet2/Q3.scala
2024.06.24 19:02:13 INFO  time: Imported build in 1.21s
2024.06.24 19:02:13 INFO  compiling fp_f4dd477a3a (1 scala source)
2024.06.24 19:02:13 INFO  time: compiled FP_f4dd477a3a in 0.21s
2024.06.24 19:02:17 ERROR error processing file:///C:/Users/Jayathu/AppData/Local/Coursier/cache/v1/https/repo1.maven.org/maven2/org/scala-lang/scala3-library_3/3.4.2/scala3-library_3-3.4.2-sources.jar
org.h2.jdbc.JdbcSQLIntegrityConstraintViolationException: Unique index or primary key violation: "PUBLIC.PRIMARY_KEY_4 ON PUBLIC.INDEXED_JAR(MD5) VALUES ( /* 1 */ 'F822F47C3CE5CF3F4EF58CFE9668639F' )"; SQL statement:
insert into indexed_jar (md5, type_hierarchy_indexed) values (?, ?) [23505-224]
	at org.h2.message.DbException.getJdbcSQLException(DbException.java:520)
	at org.h2.message.DbException.getJdbcSQLException(DbException.java:489)
	at org.h2.message.DbException.get(DbException.java:223)
	at org.h2.message.DbException.get(DbException.java:199)
	at org.h2.index.Index.getDuplicateKeyException(Index.java:527)
	at org.h2.mvstore.db.MVSecondaryIndex.checkUnique(MVSecondaryIndex.java:223)
	at org.h2.mvstore.db.MVSecondaryIndex.add(MVSecondaryIndex.java:184)
	at org.h2.mvstore.db.MVTable.addRow(MVTable.java:519)
	at org.h2.command.dml.Insert.insertRows(Insert.java:174)
	at org.h2.command.dml.Insert.update(Insert.java:135)
	at org.h2.command.CommandContainer.executeUpdateWithGeneratedKeys(CommandContainer.java:242)
	at org.h2.command.CommandContainer.update(CommandContainer.java:163)
	at org.h2.command.Command.executeUpdate(Command.java:256)
	at org.h2.jdbc.JdbcPreparedStatement.executeUpdateInternal(JdbcPreparedStatement.java:216)
	at org.h2.jdbc.JdbcPreparedStatement.executeUpdate(JdbcPreparedStatement.java:174)
	at scala.meta.internal.metals.JarTopLevels.putJarIndexingInfo(JarTopLevels.scala:123)
	at scala.meta.internal.metals.Indexer.addSourceJarSymbols(Indexer.scala:643)
	at scala.meta.internal.metals.Indexer.$anonfun$indexDependencySources$5(Indexer.scala:463)
	at scala.collection.IterableOnceOps.foreach(IterableOnce.scala:619)
	at scala.collection.IterableOnceOps.foreach$(IterableOnce.scala:617)
	at scala.collection.AbstractIterable.foreach(Iterable.scala:935)
	at scala.collection.IterableOps$WithFilter.foreach(Iterable.scala:905)
	at scala.meta.internal.metals.Indexer.$anonfun$indexDependencySources$1(Indexer.scala:454)
	at scala.meta.internal.metals.Indexer.$anonfun$indexDependencySources$1$adapted(Indexer.scala:453)
	at scala.collection.IterableOnceOps.foreach(IterableOnce.scala:619)
	at scala.collection.IterableOnceOps.foreach$(IterableOnce.scala:617)
	at scala.collection.AbstractIterable.foreach(Iterable.scala:935)
	at scala.meta.internal.metals.Indexer.indexDependencySources(Indexer.scala:453)
	at scala.meta.internal.metals.Indexer.$anonfun$indexWorkspace$20(Indexer.scala:372)
	at scala.runtime.java8.JFunction0$mcV$sp.apply(JFunction0$mcV$sp.scala:18)
	at scala.meta.internal.metals.TimerProvider.timedThunk(TimerProvider.scala:25)
	at scala.meta.internal.metals.Indexer.$anonfun$indexWorkspace$19(Indexer.scala:365)
	at scala.meta.internal.metals.Indexer.$anonfun$indexWorkspace$19$adapted(Indexer.scala:361)
	at scala.collection.immutable.List.foreach(List.scala:334)
	at scala.meta.internal.metals.Indexer.indexWorkspace(Indexer.scala:361)
	at scala.meta.internal.metals.Indexer.$anonfun$profiledIndexWorkspace$2(Indexer.scala:164)
	at scala.runtime.java8.JFunction0$mcV$sp.apply(JFunction0$mcV$sp.scala:18)
	at scala.meta.internal.metals.TimerProvider.timedThunk(TimerProvider.scala:25)
	at scala.meta.internal.metals.Indexer.$anonfun$profiledIndexWorkspace$1(Indexer.scala:164)
	at scala.runtime.java8.JFunction0$mcV$sp.apply(JFunction0$mcV$sp.scala:18)
	at scala.concurrent.Future$.$anonfun$apply$1(Future.scala:687)
	at scala.concurrent.impl.Promise$Transformation.run(Promise.scala:467)
	at java.util.concurrent.ThreadPoolExecutor.runWorker(ThreadPoolExecutor.java:1136)
	at java.util.concurrent.ThreadPoolExecutor$Worker.run(ThreadPoolExecutor.java:635)
	at java.lang.Thread.run(Thread.java:833)

2024.06.24 19:02:17 INFO  time: indexed workspace in 4.16s
2024.06.24 19:02:18 INFO  time: indexed workspace in 4.89s
2024.06.24 19:02:21 INFO  no build target found for C:\Users\Jayathu\Documents\FP\Labsheet2\Q4.scala. Using presentation compiler with project's scala-library version: 3.3.3
2024.06.24 19:02:21 INFO  no build target found for C:\Users\Jayathu\Documents\FP\Labsheet2\Q4.scala. Using presentation compiler with project's scala-library version: 3.3.3
2024.06.24 19:02:21 WARN  Could not find semantic tokens for: file:///C:/Users/Jayathu/Documents/FP/Labsheet2/Q4.scala
2024.06.24 19:02:21 WARN  Could not find semantic tokens for: file:///C:/Users/Jayathu/Documents/FP/Labsheet2/Q3.scala
2024.06.24 19:02:21 INFO  compiling fp_f4dd477a3a (1 scala source)
2024.06.24 19:02:21 INFO  time: compiled FP_f4dd477a3a in 0.24s
2024.06.24 19:02:23 INFO  time: indexed workspace in 2.05s
2024.06.24 19:02:24 WARN  Could not find semantic tokens for: file:///C:/Users/Jayathu/Documents/FP/Labsheet2/Q4.scala
2024.06.24 19:02:26 WARN  Could not find semantic tokens for: file:///C:/Users/Jayathu/Documents/FP/Labsheet2/Q1.scala
2024.06.24 19:02:36 INFO  compiling fp_f4dd477a3a (1 scala source)
2024.06.24 19:02:36 INFO  time: compiled FP_f4dd477a3a in 0.74s
2024.06.24 19:04:04 INFO  tracing is disabled for protocol dap-server, to enable tracing of incoming and outgoing JSON messages create an empty file at C:\Users\Jayathu\Documents\FP\.metals\dap-server.trace.json or C:\Users\Jayathu\AppData\Local\scalameta\metals\cache\dap-server.trace.json
2024.06.24 19:04:04 INFO  tracing is disabled for protocol dap-client, to enable tracing of incoming and outgoing JSON messages create an empty file at C:\Users\Jayathu\Documents\FP\.metals\dap-client.trace.json or C:\Users\Jayathu\AppData\Local\scalameta\metals\cache\dap-client.trace.json
2024.06.24 19:04:05 INFO  Starting debug proxy for [qustion01]
2024.06.24 19:04:14 INFO  Loaded expression compiler in 9 seconds
2024.06.24 19:04:16 INFO  C:\Users\Jayathu\AppData\Local\Coursier\cache\v1\https\repo1.maven.org\maven2\ch\epfl\scala\scala-debug-decoder_3\4.1.1\scala-debug-decoder_3-4.1.1.jar
2024.06.24 19:04:16 INFO  C:\Users\Jayathu\AppData\Local\Coursier\cache\v1\https\repo1.maven.org\maven2\org\scala-lang\scala3-library_3\3.5.0-RC1\scala3-library_3-3.5.0-RC1.jar
2024.06.24 19:04:16 INFO  C:\Users\Jayathu\AppData\Local\Coursier\cache\v1\https\repo1.maven.org\maven2\ch\epfl\scala\tasty-query_3\1.3.0\tasty-query_3-1.3.0.jar
2024.06.24 19:04:16 INFO  C:\Users\Jayathu\AppData\Local\Coursier\cache\v1\https\repo1.maven.org\maven2\org\ow2\asm\asm\9.7\asm-9.7.jar
2024.06.24 19:04:16 INFO  C:\Users\Jayathu\AppData\Local\Coursier\cache\v1\https\repo1.maven.org\maven2\org\ow2\asm\asm-util\9.7\asm-util-9.7.jar
2024.06.24 19:04:16 INFO  C:\Users\Jayathu\AppData\Local\Coursier\cache\v1\https\repo1.maven.org\maven2\org\scala-lang\scala-library\2.13.12\scala-library-2.13.12.jar
2024.06.24 19:04:16 INFO  C:\Users\Jayathu\AppData\Local\Coursier\cache\v1\https\repo1.maven.org\maven2\org\ow2\asm\asm-tree\9.7\asm-tree-9.7.jar
2024.06.24 19:04:16 INFO  C:\Users\Jayathu\AppData\Local\Coursier\cache\v1\https\repo1.maven.org\maven2\org\ow2\asm\asm-analysis\9.7\asm-analysis-9.7.jar
2024.06.24 19:04:16 INFO  Loaded step filter in 1 second
2024.06.24 19:04:21 INFO  Loaded all sources and classes in 5 seconds
2024.06.24 19:04:22 INFO  Initialized Scala 3 decoder in 1 second
2024.06.24 19:04:22 INFO  Trying to attach to remote debuggee VM 127.0.0.1:7403 .
2024.06.24 19:04:22 INFO  Attaching to debuggee VM succeeded.
2024.06.24 19:04:23 INFO  Canceling debug proxy for [qustion01]
2024.06.24 19:04:22 INFO  Closing debug server tcp://0.0.0.0:7400
Jun 24, 2024 7:04:45 PM org.eclipse.lsp4j.jsonrpc.services.GenericEndpoint notify
INFO: Unsupported notification method: $/setTrace
